#
# A fatal error has been detected by the Java Runtime Environment:
#
#  SIGSEGV (0xb) at pc=0x000000010506a0e0, pid=51495, tid=11523
#
# JRE version: Java(TM) SE Runtime Environment (7.0_51-b13) (build 1.7.0_51-b13)
# Java VM: Java HotSpot(TM) 64-Bit Server VM (24.51-b03 mixed mode bsd-amd64 compressed oops)
# Problematic frame:
# V  [libjvm.dylib+0x26a0e0]
#
# Failed to write core dump. Core dumps have been disabled. To enable core dumping, try "ulimit -c unlimited" before starting Java again
#
# If you would like to submit a bug report, please visit:
#   http://bugreport.sun.com/bugreport/crash.jsp
#

---------------  T H R E A D  ---------------

Current thread (0x00007ff2e7025800):  VMThread [stack: 0x000070000c67e000,0x000070000c77e000] [id=11523]

siginfo:si_signo=SIGSEGV: si_errno=0, si_code=1 (SEGV_MAPERR), si_addr=0x0000000000000000

Registers:
RAX=0x0000000000000000, RBX=0x000000010560bd00, RCX=0x0000004ad2d55f90, RDX=0x000000000000024f
RSP=0x000070000c77d640, RBP=0x000070000c77d670, RSI=0x0000004ad2da08a4, RDI=0x000000010560bd00
R8 =0x00000000584b98ae, R9 =0x00007fffe6e2aa50, R10=0x0000000000002000, R11=0x0000000000000246
R12=0x0000000000000008, R13=0x0000000000002d00, R14=0x00007ff2e6f05cc0, R15=0x00007ff2e6f07150
RIP=0x000000010506a0e0, EFLAGS=0x0000000000010202, ERR=0x0000000000000006
  TRAPNO=0x000000000000000e

Top of Stack: (sp=0x000070000c77d640)
0x000070000c77d640:   00007ff2e6f05cc0 00007ff2e6f07150
0x000070000c77d650:   000070000c77d670 0000000105216cf7
0x000070000c77d660:   00000000584b98ae 000000010561f288
0x000070000c77d670:   000070000c77dac0 00000001052571b0
0x000070000c77d680:   0000000055500000 580000002aa00000
0x000070000c77d690:   0000000100000000 000000010000000a
0x000070000c77d6a0:   0000003000000010 000070000c77dc30
0x000070000c77d6b0:   000070000c77db50 0000000001790000
0x000070000c77d6c0:   0000000005366ef8 000000000078be0a
0x000070000c77d6d0:   0000003000000010 0000000000000000
0x000070000c77d6e0:   000070000c77db40 00007ff2e6f07150
0x000070000c77d6f0:   00007ff2e6f00020 00007ff2e6f05cc0
0x000070000c77d700:   0000003000000010 000070000c77dc50
0x000070000c77d710:   000070000c77db70 000070000c77d870
0x000070000c77d720:   000070000c77d9f0 000000010526636c
0x000070000c77d730:   362f061f5a3d007b 362f061f5a3d007b
0x000070000c77d740:   00007fffefaac6b8 000070000c77dca8
0x000070000c77d750:   ffffffffffffffff 000070000c77d868
0x000070000c77d760:   000070000c77d850 00007fffe6e50423
0x000070000c77d770:   0000000105fec600 000070000c77db48
0x000070000c77d780:   00007ff2e6d0a450 00000001053751bb
0x000070000c77d790:   0000000105600000 000000010560bd00
0x000070000c77d7a0:   0000004ad22c0bed 0000000105fec8a0
0x000070000c77d7b0:   0000000000000000 0000000000000000
0x000070000c77d7c0:   0000000000000000 0000000000000000
0x000070000c77d7d0:   0000000105fedc90 00000001055f6f50
0x000070000c77d7e0:   000070000c77d768 0000000105fecbe5
0x000070000c77d7f0:   362f061f5a3d007b 362f061f5a3d007b
0x000070000c77d800:   00007fffefaac6b8 000070000c77dca8
0x000070000c77d810:   ffffffffffffffff 000070000c77d928
0x000070000c77d820:   362f061f5a3d007b 00007ff2e800aa18
0x000070000c77d830:   00000000000000ff 0000000000002d00 

Instructions: (pc=0x000000010506a0e0)
0x000000010506a0c0:   4b 34 89 44 8b 20 ff 43 34 48 83 c4 28 5b 5d c3
0x000000010506a0d0:   55 48 89 e5 53 48 83 ec 28 48 89 fb 48 8b 43 18
0x000000010506a0e0:   c7 00 00 00 00 00 c7 43 34 00 00 00 00 48 c7 43
0x000000010506a0f0:   38 00 00 00 00 48 c7 43 40 00 00 00 00 48 89 73 

Register to memory mapping:

RAX=0x0000000000000000 is an unknown value
RBX=0x000000010560bd00: _ZN10PSScavenge9_gc_timerE+0 in /Library/Java/JavaVirtualMachines/jdk1.7.0_51.jdk/Contents/Home/jre/lib/server/libjvm.dylib at 0x0000000104e00000
RCX=0x0000004ad2d55f90 is an unknown value
RDX=0x000000000000024f is an unknown value
RSP=0x000070000c77d640 is an unknown value
RBP=0x000070000c77d670 is an unknown value
RSI=0x0000004ad2da08a4 is an unknown value
RDI=0x000000010560bd00: _ZN10PSScavenge9_gc_timerE+0 in /Library/Java/JavaVirtualMachines/jdk1.7.0_51.jdk/Contents/Home/jre/lib/server/libjvm.dylib at 0x0000000104e00000
R8 =0x00000000584b98ae is an unknown value
R9 =